Arguments: 
  /Users/Dvijesh/.nvm/versions/node/v8.15.0/bin/node /usr/local/bin/yarn install --no-lockfile

PATH: 
  /Users/Dvijesh/.nvm/versions/node/v8.15.0/bin:/usr/local/bin:/usr/bin:/bin:/usr/sbin:/sbin:/usr/local/share/dotnet:~/.dotnet/tools:/Library/Frameworks/Mono.framework/Versions/Current/Commands:/Applications/Xamarin Workbooks.app/Contents/SharedSupport/path-bin

Yarn version: 
  1.5.1

Node version: 
  8.15.0

Platform: 
  darwin x64

npm manifest: 
  {
    "name": "expense-manager",
    "version": "1.0.0",
    "description": "Expense Manager for managing expense in group of multiple people",
    "main": "index.js",
    "scripts": {
      "test": "echo \"Error: no test specified\" && exit 1",
      "build": "tsc --watch",
      "start": "nodemon libs/server.js"
    },
    "author": "Dvijesh Patel",
    "license": "ISC",
    "dependencies": {
      "body-parser": "^1.19.0",
      "express": "^4.17.1",
      "jsonwebtoken": "^8.5.1",
      "mysql": "^2.17.1",
      "reflect-metadata": "^0.1.13",
      "typeorm": "^0.2.19"
    },
    "devDependencies": {
      "@types/express": "^4.17.1",
      "@types/jsonwebtoken": "^8.3.4",
      "@types/node": "^12.7.8",
      "nodemon": "^1.19.2",
      "tslint": "^5.20.0"
    }
  }

yarn manifest: 
  No manifest

Lockfile: 
  No lockfile

Trace: 
  Error: Couldn't find package "body-parser" on the "npm" registry.
      at new MessageError (/usr/local/lib/node_modules/yarn/lib/cli.js:186:110)
      at NpmResolver.<anonymous> (/usr/local/lib/node_modules/yarn/lib/cli.js:51625:15)
      at Generator.next (<anonymous>)
      at step (/usr/local/lib/node_modules/yarn/lib/cli.js:98:30)
      at /usr/local/lib/node_modules/yarn/lib/cli.js:109:13
      at <anonymous>
      at process._tickCallback (internal/process/next_tick.js:189:7)
